<?xml version="1.0" encoding="UTF-8"?>
<testng-results skipped="0" failed="0" total="1" passed="1">
  <reporter-output>
  </reporter-output>
  <suite name="Default suite" duration-ms="17706" started-at="2019-10-31T05:41:04Z" finished-at="2019-10-31T05:41:21Z">
    <groups>
    </groups>
    <test name="Default test" duration-ms="17706" started-at="2019-10-31T05:41:04Z" finished-at="2019-10-31T05:41:21Z">
      <class name="Automation.Phptravels.Testcase_3">
        <test-method status="PASS" signature="Launch()[pri:0, instance:Automation.Phptravels.Testcase_3@3532ec19]" name="Launch" is-config="true" duration-ms="11804" started-at="2019-10-31T11:11:04Z" finished-at="2019-10-31T11:11:16Z">
          <reporter-output>
          </reporter-output>
        </test-method> <!-- Launch -->
        <test-method status="PASS" signature="Login()[pri:0, instance:Automation.Phptravels.Testcase_3@3532ec19]" name="Login" duration-ms="4246" started-at="2019-10-31T11:11:16Z" finished-at="2019-10-31T11:11:20Z">
          <reporter-output>
          </reporter-output>
        </test-method> <!-- Login -->
        <test-method status="PASS" signature="gettxt()[pri:0, instance:Automation.Phptravels.Testcase_3@3532ec19]" name="gettxt" is-config="true" duration-ms="1613" started-at="2019-10-31T11:11:20Z" finished-at="2019-10-31T11:11:21Z">
          <reporter-output>
          </reporter-output>
        </test-method> <!-- gettxt -->
      </class> <!-- Automation.Phptravels.Testcase_3 -->
    </test> <!-- Default test -->
  </suite> <!-- Default suite -->
</testng-results>
